
*** Running vivado
    with args -log gate_and.vdi -applog -m64 -messageDb vivado.pb -mode batch -source gate_and.tcl -notrace


****** Vivado v2014.4 (64-bit)
  **** SW Build 1071353 on Tue Nov 18 18:29:27 MST 2014
  **** IP Build 1070531 on Tue Nov 18 01:10:18 MST 2014
    ** Copyright 1986-2014 Xilinx, Inc. All Rights Reserved.

source gate_and.tcl -notrace
Command: open_checkpoint E:/Project/test/gate_and/gate_and.runs/impl_1/gate_and.dcp
INFO: [Netlist 29-17] Analyzing 2 Unisim elements for replacement
INFO: [Netlist 29-28] Unisim Transformation completed in 0 CPU seconds
INFO: [Project 1-479] Netlist was created with Vivado 2014.4
Loading clock regions from C:/Xilinx/Vivado/2014.4/data\parts/xilinx/artix7/artix7/xc7a35t/ClockRegion.xml
Loading clock buffers from C:/Xilinx/Vivado/2014.4/data\parts/xilinx/artix7/artix7/xc7a35t/ClockBuffers.xml
Loading clock placement rules from C:/Xilinx/Vivado/2014.4/data/parts/xilinx/artix7/ClockPlacerRules.xml
Loading package pin functions from C:/Xilinx/Vivado/2014.4/data\parts/xilinx/artix7/PinFunctions.xml...
Loading package from C:/Xilinx/Vivado/2014.4/data\parts/xilinx/artix7/artix7/xc7a35t/cpg236/Package.xml
Loading io standards from C:/Xilinx/Vivado/2014.4/data\./parts/xilinx/artix7/IOStandards.xml
Loading device configuration modes from C:/Xilinx/Vivado/2014.4/data\parts/xilinx/artix7/ConfigModes.xml
INFO: [Project 1-570] Preparing netlist for logic optimization
Parsing XDC File [E:/Project/test/gate_and/gate_and.runs/impl_1/.Xil/Vivado-7256-XSHZHEHENGT30/dcp/gate_and.xdc]
Finished Parsing XDC File [E:/Project/test/gate_and/gate_and.runs/impl_1/.Xil/Vivado-7256-XSHZHEHENGT30/dcp/gate_and.xdc]
Reading XDEF placement.
Reading placer database...
Reading XDEF routing.
Read XDEF File: Time (s): cpu = 00:00:01 ; elapsed = 00:00:00.047 . Memory (MB): peak = 437.621 ; gain = 0.000
Restored from archive | CPU: 1.000000 secs | Memory: 0.000000 MB |
Finished XDEF File Restore: Time (s): cpu = 00:00:01 ; elapsed = 00:00:00.048 . Memory (MB): peak = 437.621 ; gain = 0.000
INFO: [Opt 31-138] Pushed 0 inverter(s) to 0 load pin(s).
INFO: [Project 1-111] Unisim Transformation Summary:
No Unisim elements were transformed.

INFO: [Project 1-484] Checkpoint was created with build 1071353
Command: opt_design
Attempting to get a license for feature 'Implementation' and/or device 'xc7a35t'
INFO: [Common 17-349] Got license for feature 'Implementation' and/or device 'xc7a35t'
Running DRC as a precondition to command opt_design

Starting DRC Task
INFO: [Drc 23-27] Running DRC with 2 threads
INFO: [Project 1-461] DRC finished with 0 Errors
INFO: [Project 1-462] Please refer to the DRC report (report_drc) for more information.

Time (s): cpu = 00:00:00 ; elapsed = 00:00:00.084 . Memory (MB): peak = 439.352 ; gain = 1.730
INFO: [Timing 38-35] Done setting XDC timing constraints.

Starting Logic Optimization Task

Phase 1 Retarget

INFO: [Opt 31-138] Pushed 0 inverter(s) to 0 load pin(s).
INFO: [Opt 31-49] Retargeted 0 cell(s).
Phase 1 Retarget | Checksum: 1404f458f

Time (s): cpu = 00:00:00 ; elapsed = 00:00:00.004 . Memory (MB): peak = 849.941 ; gain = 0.000

Phase 2 Constant Propagation
INFO: [Opt 31-138] Pushed 0 inverter(s) to 0 load pin(s).
INFO: [Opt 31-10] Eliminated 0 cells.
Phase 2 Constant Propagation | Checksum: 1404f458f

Time (s): cpu = 00:00:00 ; elapsed = 00:00:00.009 . Memory (MB): peak = 849.941 ; gain = 0.000

Phase 3 Sweep
INFO: [Opt 31-12] Eliminated 0 unconnected nets.
INFO: [Opt 31-140] Inserted 0 IBUFs to IO ports without IO buffers.
INFO: [Opt 31-141] Inserted 0 OBUFs to IO ports without IO buffers.
INFO: [Opt 31-11] Eliminated 0 unconnected cells.
Phase 3 Sweep | Checksum: 1404f458f

Time (s): cpu = 00:00:00 ; elapsed = 00:00:00.014 . Memory (MB): peak = 849.941 ; gain = 0.000
Ending Logic Optimization Task | Checksum: 1404f458f

Time (s): cpu = 00:00:00 ; elapsed = 00:00:00.015 . Memory (MB): peak = 849.941 ; gain = 0.000
Implement Debug Cores | Checksum: 1404f458f
Logic Optimization | Checksum: 1404f458f

Starting Power Optimization Task
INFO: [Pwropt 34-132] Skipping clock gating for clocks with a period < 3.13 ns.
Ending Power Optimization Task | Checksum: 1404f458f

Time (s): cpu = 00:00:00 ; elapsed = 00:00:00.013 . Memory (MB): peak = 849.941 ; gain = 0.000
INFO: [Common 17-83] Releasing license: Implementation
22 Infos, 0 Warnings, 0 Critical Warnings and 0 Errors encountered.
opt_design completed successfully
opt_design: Time (s): cpu = 00:00:11 ; elapsed = 00:00:12 . Memory (MB): peak = 849.941 ; gain = 412.320
Writing placer database...
Writing XDEF routing.
Writing XDEF routing logical nets.
Writing XDEF routing special nets.
Write XDEF Complete: Time (s): cpu = 00:00:01 ; elapsed = 00:00:00.029 . Memory (MB): peak = 849.941 ; gain = 0.000
INFO: [Drc 23-27] Running DRC with 2 threads
INFO: [Coretcl 2-168] The results of DRC are in file E:/Project/test/gate_and/gate_and.runs/impl_1/gate_and_drc_opted.rpt.
Command: place_design
Attempting to get a license for feature 'Implementation' and/or device 'xc7a35t'
INFO: [Common 17-349] Got license for feature 'Implementation' and/or device 'xc7a35t'
INFO: [Drc 23-27] Running DRC with 2 threads
INFO: [Vivado_Tcl 4-198] DRC finished with 0 Errors
INFO: [Vivado_Tcl 4-199] Please refer to the DRC report (report_drc) for more information.
Running DRC as a precondition to command place_design
INFO: [Drc 23-27] Running DRC with 2 threads
INFO: [Vivado_Tcl 4-198] DRC finished with 0 Errors
INFO: [Vivado_Tcl 4-199] Please refer to the DRC report (report_drc) for more information.

Starting Placer Task
INFO: [Place 30-611] Multithreading enabled for place_design using a maximum of 2 CPUs

Phase 1 Placer Runtime Estimator
Phase 1 Placer Runtime Estimator | Checksum: da74f53b

Time (s): cpu = 00:00:00 ; elapsed = 00:00:00.028 . Memory (MB): peak = 849.941 ; gain = 0.000

Phase 2 Placer Initialization

Phase 2.1 Placer Initialization Core
Netlist sorting complete. Time (s): cpu = 00:00:00 ; elapsed = 00:00:00 . Memory (MB): peak = 849.941 ; gain = 0.000
Netlist sorting complete. Time (s): cpu = 00:00:00 ; elapsed = 00:00:00 . Memory (MB): peak = 849.941 ; gain = 0.000

Phase 2.1.1 IO Placement/ Clock Placement/ Build Placer Device

Phase 2.1.1.1 Pre-Place Cells
Phase 2.1.1.1 Pre-Place Cells | Checksum: 88c2ec38

Time (s): cpu = 00:00:00 ; elapsed = 00:00:00.050 . Memory (MB): peak = 849.941 ; gain = 0.000
INFO: [Timing 38-35] Done setting XDC timing constraints.

Phase 2.1.1.2 IO & Clk Clean Up
Phase 2.1.1.2 IO & Clk Clean Up | Checksum: 88c2ec38

Time (s): cpu = 00:00:01 ; elapsed = 00:00:00.564 . Memory (MB): peak = 868.457 ; gain = 18.516

Phase 2.1.1.3 Implementation Feasibility check On IDelay
Phase 2.1.1.3 Implementation Feasibility check On IDelay | Checksum: 88c2ec38

Time (s): cpu = 00:00:01 ; elapsed = 00:00:00.565 . Memory (MB): peak = 868.457 ; gain = 18.516

Phase 2.1.1.4 Commit IO Placement
Phase 2.1.1.4 Commit IO Placement | Checksum: 88c2ec38

Time (s): cpu = 00:00:01 ; elapsed = 00:00:00.565 . Memory (MB): peak = 868.457 ; gain = 18.516
Phase 2.1.1 IO Placement/ Clock Placement/ Build Placer Device | Checksum: da74f53b

Time (s): cpu = 00:00:01 ; elapsed = 00:00:00.566 . Memory (MB): peak = 868.457 ; gain = 18.516

Phase 2.1.2 Build Placer Netlist Model

Phase 2.1.2.1 Place Init Design
Phase 2.1.2.1 Place Init Design | Checksum: 182d705f0

Time (s): cpu = 00:00:01 ; elapsed = 00:00:00.584 . Memory (MB): peak = 868.457 ; gain = 18.516
Phase 2.1.2 Build Placer Netlist Model | Checksum: 182d705f0

Time (s): cpu = 00:00:01 ; elapsed = 00:00:00.585 . Memory (MB): peak = 868.457 ; gain = 18.516

Phase 2.1.3 Constrain Clocks/Macros

Phase 2.1.3.1 Constrain Global/Regional Clocks
Phase 2.1.3.1 Constrain Global/Regional Clocks | Checksum: 182d705f0

Time (s): cpu = 00:00:01 ; elapsed = 00:00:00.588 . Memory (MB): peak = 868.457 ; gain = 18.516
Phase 2.1.3 Constrain Clocks/Macros | Checksum: 182d705f0

Time (s): cpu = 00:00:01 ; elapsed = 00:00:00.589 . Memory (MB): peak = 868.457 ; gain = 18.516
Phase 2.1 Placer Initialization Core | Checksum: 182d705f0

Time (s): cpu = 00:00:01 ; elapsed = 00:00:00.589 . Memory (MB): peak = 868.457 ; gain = 18.516
Phase 2 Placer Initialization | Checksum: 182d705f0

Time (s): cpu = 00:00:01 ; elapsed = 00:00:00.590 . Memory (MB): peak = 868.457 ; gain = 18.516

Phase 3 Global Placement
Phase 3 Global Placement | Checksum: 136d0cd5e

Time (s): cpu = 00:00:01 ; elapsed = 00:00:00.710 . Memory (MB): peak = 868.457 ; gain = 18.516

Phase 4 Detail Placement

Phase 4.1 Commit Multi Column Macros
Phase 4.1 Commit Multi Column Macros | Checksum: 136d0cd5e

Time (s): cpu = 00:00:01 ; elapsed = 00:00:00.712 . Memory (MB): peak = 868.457 ; gain = 18.516

Phase 4.2 Commit Most Macros & LUTRAMs
Phase 4.2 Commit Most Macros & LUTRAMs | Checksum: 1b0f439ab

Time (s): cpu = 00:00:01 ; elapsed = 00:00:00.720 . Memory (MB): peak = 868.457 ; gain = 18.516

Phase 4.3 Area Swap Optimization
Phase 4.3 Area Swap Optimization | Checksum: 10681d790

Time (s): cpu = 00:00:01 ; elapsed = 00:00:00.725 . Memory (MB): peak = 868.457 ; gain = 18.516

Phase 4.4 Small Shape Detail Placement

Phase 4.4.1 Commit Small Macros & Core Logic

Phase 4.4.1.1 Commit Slice Clusters
Phase 4.4.1.1 Commit Slice Clusters | Checksum: 1c510f101

Time (s): cpu = 00:00:01 ; elapsed = 00:00:00.813 . Memory (MB): peak = 868.457 ; gain = 18.516
Phase 4.4.1 Commit Small Macros & Core Logic | Checksum: 1c510f101

Time (s): cpu = 00:00:01 ; elapsed = 00:00:00.813 . Memory (MB): peak = 868.457 ; gain = 18.516

Phase 4.4.2 Clock Restriction Legalization for Leaf Columns
Phase 4.4.2 Clock Restriction Legalization for Leaf Columns | Checksum: 1c510f101

Time (s): cpu = 00:00:01 ; elapsed = 00:00:00.820 . Memory (MB): peak = 868.457 ; gain = 18.516

Phase 4.4.3 Clock Restriction Legalization for Non-Clock Pins
Phase 4.4.3 Clock Restriction Legalization for Non-Clock Pins | Checksum: 1c510f101

Time (s): cpu = 00:00:01 ; elapsed = 00:00:00.820 . Memory (MB): peak = 868.457 ; gain = 18.516
Phase 4.4 Small Shape Detail Placement | Checksum: 1c510f101

Time (s): cpu = 00:00:01 ; elapsed = 00:00:00.823 . Memory (MB): peak = 868.457 ; gain = 18.516

Phase 4.5 Re-assign LUT pins
Phase 4.5 Re-assign LUT pins | Checksum: 1c510f101

Time (s): cpu = 00:00:01 ; elapsed = 00:00:00.824 . Memory (MB): peak = 868.457 ; gain = 18.516
Phase 4 Detail Placement | Checksum: 1c510f101

Time (s): cpu = 00:00:01 ; elapsed = 00:00:00.824 . Memory (MB): peak = 868.457 ; gain = 18.516

Phase 5 Post Placement Optimization and Clean-Up

Phase 5.1 PCOPT Shape updates
Phase 5.1 PCOPT Shape updates | Checksum: 1c510f101

Time (s): cpu = 00:00:01 ; elapsed = 00:00:00.826 . Memory (MB): peak = 868.457 ; gain = 18.516

Phase 5.2 Post Commit Optimization
Phase 5.2 Post Commit Optimization | Checksum: 1c510f101

Time (s): cpu = 00:00:01 ; elapsed = 00:00:00.827 . Memory (MB): peak = 868.457 ; gain = 18.516

Phase 5.3 Sweep Clock Roots: Post-Placement
Phase 5.3 Sweep Clock Roots: Post-Placement | Checksum: 1c510f101

Time (s): cpu = 00:00:01 ; elapsed = 00:00:00.827 . Memory (MB): peak = 868.457 ; gain = 18.516

Phase 5.4 Post Placement Cleanup
Phase 5.4 Post Placement Cleanup | Checksum: 1c510f101

Time (s): cpu = 00:00:01 ; elapsed = 00:00:00.828 . Memory (MB): peak = 868.457 ; gain = 18.516

Phase 5.5 Placer Reporting
Phase 5.5 Placer Reporting | Checksum: 1c510f101

Time (s): cpu = 00:00:01 ; elapsed = 00:00:00.828 . Memory (MB): peak = 868.457 ; gain = 18.516

Phase 5.6 Final Placement Cleanup
Phase 5.6 Final Placement Cleanup | Checksum: 1c510f101

Time (s): cpu = 00:00:01 ; elapsed = 00:00:00.829 . Memory (MB): peak = 868.457 ; gain = 18.516
Phase 5 Post Placement Optimization and Clean-Up | Checksum: 1c510f101

Time (s): cpu = 00:00:01 ; elapsed = 00:00:00.829 . Memory (MB): peak = 868.457 ; gain = 18.516
Ending Placer Task | Checksum: ff4beb4f

Time (s): cpu = 00:00:00 ; elapsed = 00:00:00.833 . Memory (MB): peak = 868.457 ; gain = 18.516
INFO: [Common 17-83] Releasing license: Implementation
34 Infos, 0 Warnings, 0 Critical Warnings and 0 Errors encountered.
place_design completed successfully
Writing placer database...
Writing XDEF routing.
Writing XDEF routing logical nets.
Writing XDEF routing special nets.
Write XDEF Complete: Time (s): cpu = 00:00:00 ; elapsed = 00:00:00.035 . Memory (MB): peak = 868.457 ; gain = 0.000
report_io: Time (s): cpu = 00:00:00 ; elapsed = 00:00:00.025 . Memory (MB): peak = 868.457 ; gain = 0.000
report_utilization: Time (s): cpu = 00:00:00 ; elapsed = 00:00:00.072 . Memory (MB): peak = 868.457 ; gain = 0.000
report_control_sets: Time (s): cpu = 00:00:00 ; elapsed = 00:00:00.001 . Memory (MB): peak = 868.457 ; gain = 0.000
Command: route_design
Attempting to get a license for feature 'Implementation' and/or device 'xc7a35t'
INFO: [Common 17-349] Got license for feature 'Implementation' and/or device 'xc7a35t'
Running DRC as a precondition to command route_design
INFO: [Drc 23-27] Running DRC with 2 threads
INFO: [Vivado_Tcl 4-198] DRC finished with 0 Errors
INFO: [Vivado_Tcl 4-199] Please refer to the DRC report (report_drc) for more information.


Starting Routing Task
INFO: [Route 35-254] Multithreading enabled for route_design using a maximum of 2 CPUs

Phase 1 Build RT Design
Phase 1 Build RT Design | Checksum: 12035818e

Time (s): cpu = 00:00:21 ; elapsed = 00:00:19 . Memory (MB): peak = 984.539 ; gain = 116.082

Phase 2 Router Initialization
INFO: [Route 35-64] No timing constraints were detected. The router will operate in resource-optimization mode.

Phase 2.1 Pre Route Cleanup
Phase 2.1 Pre Route Cleanup | Checksum: 12035818e

Time (s): cpu = 00:00:21 ; elapsed = 00:00:19 . Memory (MB): peak = 989.199 ; gain = 120.742
Phase 2 Router Initialization | Checksum: 12035818e

Time (s): cpu = 00:00:21 ; elapsed = 00:00:19 . Memory (MB): peak = 991.434 ; gain = 122.977

Phase 3 Initial Routing
 Number of Nodes with overlaps = 0
Phase 3 Initial Routing | Checksum: 143b2ddd5

Time (s): cpu = 00:00:21 ; elapsed = 00:00:20 . Memory (MB): peak = 991.434 ; gain = 122.977

Phase 4 Rip-up And Reroute

Phase 4.1 Global Iteration 0
Phase 4.1 Global Iteration 0 | Checksum: 143b2ddd5

Time (s): cpu = 00:00:21 ; elapsed = 00:00:20 . Memory (MB): peak = 991.434 ; gain = 122.977

Phase 4.2 Global Iteration 1
Phase 4.2 Global Iteration 1 | Checksum: 143b2ddd5

Time (s): cpu = 00:00:21 ; elapsed = 00:00:20 . Memory (MB): peak = 991.434 ; gain = 122.977

Phase 4.3 Global Iteration 2
Phase 4.3 Global Iteration 2 | Checksum: 143b2ddd5

Time (s): cpu = 00:00:21 ; elapsed = 00:00:20 . Memory (MB): peak = 991.434 ; gain = 122.977

Phase 4.4 Global Iteration 3
Phase 4.4 Global Iteration 3 | Checksum: 143b2ddd5

Time (s): cpu = 00:00:21 ; elapsed = 00:00:20 . Memory (MB): peak = 991.434 ; gain = 122.977

Phase 4.5 Global Iteration 4
Phase 4.5 Global Iteration 4 | Checksum: 143b2ddd5

Time (s): cpu = 00:00:21 ; elapsed = 00:00:20 . Memory (MB): peak = 991.434 ; gain = 122.977
Phase 4 Rip-up And Reroute | Checksum: 143b2ddd5

Time (s): cpu = 00:00:21 ; elapsed = 00:00:20 . Memory (MB): peak = 991.434 ; gain = 122.977

Phase 5 Post Hold Fix
Phase 5 Post Hold Fix | Checksum: 143b2ddd5

Time (s): cpu = 00:00:21 ; elapsed = 00:00:20 . Memory (MB): peak = 991.434 ; gain = 122.977

Phase 6 Route finalize

Router Utilization Summary
  Global Vertical Routing Utilization    = 0.000876983 %
  Global Horizontal Routing Utilization  = 0.000780843 %
  Routable Net Status*
  *Does not include unroutable nets such as driverless and loadless.
  Run report_route_status for detailed report.
  Number of Failed Nets               = 0
  Number of Unrouted Nets             = 0
  Number of Partially Routed Nets     = 0
  Number of Node Overlaps             = 0

Congestion Report
North Dir 1x1 Area, Max Cong = 3.6036%, No Congested Regions.
South Dir 1x1 Area, Max Cong = 3.6036%, No Congested Regions.
East Dir 1x1 Area, Max Cong = 1.47059%, No Congested Regions.
West Dir 1x1 Area, Max Cong = 2.94118%, No Congested Regions.
Phase 6 Route finalize | Checksum: 143b2ddd5

Time (s): cpu = 00:00:21 ; elapsed = 00:00:20 . Memory (MB): peak = 991.434 ; gain = 122.977

Phase 7 Verifying routed nets

 Verification completed successfully
Phase 7 Verifying routed nets | Checksum: 143b2ddd5

Time (s): cpu = 00:00:21 ; elapsed = 00:00:20 . Memory (MB): peak = 992.590 ; gain = 124.133

Phase 8 Depositing Routes
Phase 8 Depositing Routes | Checksum: 917ddfea

Time (s): cpu = 00:00:21 ; elapsed = 00:00:20 . Memory (MB): peak = 992.590 ; gain = 124.133
INFO: [Route 35-16] Router Completed Successfully

Routing Is Done.

Time (s): cpu = 00:00:00 ; elapsed = 00:00:20 . Memory (MB): peak = 992.590 ; gain = 124.133
INFO: [Common 17-83] Releasing license: Implementation
42 Infos, 0 Warnings, 0 Critical Warnings and 0 Errors encountered.
route_design completed successfully
route_design: Time (s): cpu = 00:00:23 ; elapsed = 00:00:20 . Memory (MB): peak = 992.590 ; gain = 124.133
Writing placer database...
Writing XDEF routing.
Writing XDEF routing logical nets.
Writing XDEF routing special nets.
Write XDEF Complete: Time (s): cpu = 00:00:00 ; elapsed = 00:00:00.037 . Memory (MB): peak = 992.590 ; gain = 0.000
INFO: [Drc 23-27] Running DRC with 2 threads
INFO: [Coretcl 2-168] The results of DRC are in file E:/Project/test/gate_and/gate_and.runs/impl_1/gate_and_drc_routed.rpt.
INFO: [Timing 38-91] UpdateTimingParams: Speed grade: -1, Delay Type: min_max.
INFO: [Timing 38-191] Multithreading enabled for timing update using a maximum of 2 CPUs
WARNING: [Power 33-232] No user defined clocks were found in the design!
Resolution: Please specify clocks using create_clock/create_generated_clock for sequential elements. For pure combinatorial circuits, please specify a virtual clock, otherwise the vectorless estimation might be inaccurate
Running Vector-less Activity Propagation...

Finished Running Vector-less Activity Propagation
INFO: [Common 17-206] Exiting Vivado at Fri Oct 14 01:31:10 2016...
